{
  "RSpec": {
    "coverage": {
      "/Users/nickbutler/Projects/dear_diary/spec/features/enter_diary_spec.rb": {
        "lines": [
          1,
          1,
          null,
          1,
          1,
          1,
          1,
          null,
          null
        ]
      },
      "/Users/nickbutler/Projects/dear_diary/spec/unit/dear_diary_spec.rb": {
        "lines": [
          1,
          null,
          1,
          1,
          1,
          null,
          null
        ]
      }
    },
    "timestamp": 1591354775
  }
}
